[08-Jan-2024 22:44:36] NOTICE: fpm is running, pid 28347
[08-Jan-2024 22:44:36] NOTICE: ready to handle connections
[23-Jan-2024 06:25:24] NOTICE: fpm is running, pid 7645
[23-Jan-2024 06:25:24] NOTICE: ready to handle connections
[31-Jan-2024 14:11:03] NOTICE: Terminating ...
[31-Jan-2024 14:11:03] NOTICE: Terminating ...
[31-Jan-2024 14:11:03] NOTICE: exiting, bye-bye!
[31-Jan-2024 14:11:43] NOTICE: fpm is running, pid 64744
[31-Jan-2024 14:11:43] NOTICE: ready to handle connections
[31-Jan-2024 14:15:23] NOTICE: Terminating ...
[31-Jan-2024 14:15:23] NOTICE: Terminating ...
[31-Jan-2024 14:15:23] NOTICE: exiting, bye-bye!
[01-Feb-2024 01:27:53] NOTICE: fpm is running, pid 72831
[01-Feb-2024 01:27:53] NOTICE: ready to handle connections
[01-Feb-2024 14:27:40] NOTICE: Terminating ...
[01-Feb-2024 14:27:40] NOTICE: Terminating ...
[01-Feb-2024 14:27:40] NOTICE: exiting, bye-bye!
[10-Feb-2024 13:39:20] NOTICE: fpm is running, pid 50246
[10-Feb-2024 13:39:20] NOTICE: ready to handle connections
[10-Feb-2024 13:48:16] NOTICE: Terminating ...
[10-Feb-2024 13:48:16] NOTICE: Terminating ...
[10-Feb-2024 13:48:16] NOTICE: exiting, bye-bye!
[12-Feb-2024 15:35:16] NOTICE: fpm is running, pid 69872
[12-Feb-2024 15:35:16] NOTICE: ready to handle connections
[12-Feb-2024 15:47:35] NOTICE: Terminating ...
[12-Feb-2024 15:47:35] NOTICE: Terminating ...
[12-Feb-2024 15:47:35] NOTICE: exiting, bye-bye!
[18-Feb-2024 06:36:25] NOTICE: fpm is running, pid 16161
[18-Feb-2024 06:36:25] NOTICE: ready to handle connections
[20-Feb-2024 16:23:13] NOTICE: Terminating ...
[20-Feb-2024 16:23:13] NOTICE: Terminating ...
[20-Feb-2024 16:23:13] NOTICE: exiting, bye-bye!
[27-Feb-2024 11:58:40] NOTICE: fpm is running, pid 86426
[27-Feb-2024 11:58:40] NOTICE: ready to handle connections
[27-Feb-2024 11:58:49] NOTICE: Terminating ...
[27-Feb-2024 11:58:49] NOTICE: Terminating ...
[27-Feb-2024 11:58:49] NOTICE: exiting, bye-bye!
[27-Feb-2024 11:58:57] NOTICE: fpm is running, pid 86510
[27-Feb-2024 11:58:57] NOTICE: ready to handle connections
[27-Feb-2024 12:34:26] NOTICE: Terminating ...
[27-Feb-2024 12:34:26] NOTICE: Terminating ...
[27-Feb-2024 12:34:26] NOTICE: exiting, bye-bye!
[27-Feb-2024 12:34:34] NOTICE: fpm is running, pid 88835
[27-Feb-2024 12:34:34] NOTICE: ready to handle connections
[27-Feb-2024 17:33:47] NOTICE: Terminating ...
[27-Feb-2024 17:33:47] NOTICE: Terminating ...
[27-Feb-2024 17:33:47] NOTICE: exiting, bye-bye!
[27-Feb-2024 20:26:16] NOTICE: fpm is running, pid 93126
[27-Feb-2024 20:26:16] NOTICE: ready to handle connections
[01-Mar-2024 13:22:54] NOTICE: Terminating ...
[01-Mar-2024 13:22:54] NOTICE: Terminating ...
[01-Mar-2024 13:22:54] NOTICE: exiting, bye-bye!
[01-Mar-2024 14:09:59] NOTICE: fpm is running, pid 13193
[01-Mar-2024 14:09:59] NOTICE: ready to handle connections
[01-Mar-2024 14:11:32] NOTICE: Terminating ...
[01-Mar-2024 14:11:32] NOTICE: Terminating ...
[01-Mar-2024 14:11:32] NOTICE: exiting, bye-bye!
[06-Mar-2024 13:42:47] NOTICE: fpm is running, pid 11132
[06-Mar-2024 13:42:47] NOTICE: ready to handle connections
[09-Mar-2024 00:05:40] NOTICE: Terminating ...
[09-Mar-2024 00:05:40] NOTICE: Terminating ...
[09-Mar-2024 00:05:40] NOTICE: exiting, bye-bye!
[10-Mar-2024 08:17:15] NOTICE: fpm is running, pid 22671
[10-Mar-2024 08:17:15] NOTICE: ready to handle connections
[02-Apr-2024 23:32:45] NOTICE: fpm is running, pid 2073
[02-Apr-2024 23:32:45] NOTICE: ready to handle connections
[13-Apr-2024 21:41:45] NOTICE: Terminating ...
[13-Apr-2024 21:41:45] NOTICE: Terminating ...
[13-Apr-2024 21:41:45] NOTICE: exiting, bye-bye!
[15-Apr-2024 12:19:41] NOTICE: fpm is running, pid 42297
[15-Apr-2024 12:19:41] NOTICE: ready to handle connections
[21-Apr-2024 13:01:30] NOTICE: Terminating ...
[21-Apr-2024 13:01:30] NOTICE: Terminating ...
[21-Apr-2024 13:01:30] NOTICE: exiting, bye-bye!
[22-Apr-2024 12:04:41] NOTICE: fpm is running, pid 76784
[22-Apr-2024 12:04:41] NOTICE: ready to handle connections
